SF:lib\models\weather.dart
DA:8,0
DA:10,1
DA:11,3
DA:12,3
LF:4
LH:3
end_of_record
SF:lib\repository\weatherRepo.dart
DA:9,1
DA:11,2
LF:2
LH:2
end_of_record
SF:lib\dataSource\weatherDataSource.dart
DA:8,1
DA:10,1
DA:11,1
DA:12,1
DA:13,2
DA:16,0
DA:17,0
DA:18,0
LF:8
LH:5
end_of_record
SF:lib\services\connections.dart
DA:6,3
DA:7,2
DA:8,1
DA:21,1
DA:22,2
DA:23,1
DA:25,1
DA:26,1
DA:27,1
DA:30,4
DA:32,1
LF:11
LH:11
end_of_record
SF:lib\models\condition.dart
DA:10,1
DA:12,1
DA:13,1
LF:3
LH:3
end_of_record
SF:lib\models\condition.g.dart
DA:9,2
DA:10,1
DA:11,1
DA:12,1
DA:15,0
DA:16,0
DA:17,0
DA:18,0
LF:8
LH:4
end_of_record
SF:lib\models\current.dart
DA:15,1
DA:23,1
DA:24,1
LF:3
LH:3
end_of_record
SF:lib\models\current.g.dart
DA:9,2
DA:10,1
DA:11,1
DA:12,2
DA:13,2
DA:14,1
DA:15,1
DA:17,2
DA:18,2
DA:21,0
DA:22,0
DA:23,0
DA:24,0
DA:25,0
DA:26,0
DA:27,0
DA:28,0
LF:17
LH:9
end_of_record
SF:lib\models\location.dart
DA:15,1
DA:25,1
DA:26,1
LF:3
LH:3
end_of_record
SF:lib\models\location.g.dart
DA:9,2
DA:10,1
DA:11,1
DA:12,1
DA:13,2
DA:14,2
DA:15,1
DA:16,1
DA:17,1
DA:20,0
DA:21,0
DA:22,0
DA:23,0
DA:24,0
DA:25,0
DA:26,0
DA:27,0
DA:28,0
LF:18
LH:9
end_of_record
